[0mGET / [32m200 [0m9.474 ms - 9714[0m
/Users/yu/workspace_me/pagenote/public/js/jquery.min.htmlæ–‡ä»¶ä¸å­˜åœ¨
/Users/yu/workspace_me/pagenote/public/ckeditor/ckeditor.htmlæ–‡ä»¶ä¸å­˜åœ¨
/Users/yu/workspace_me/pagenote/public/css/bootstrap.min.htmlæ–‡ä»¶ä¸å­˜åœ¨
/Users/yu/workspace_me/pagenote/public/js/bootstrap.min.htmlæ–‡ä»¶ä¸å­˜åœ¨
/Users/yu/workspace_me/pagenote/public/css/font-awesome.min.htmlæ–‡ä»¶ä¸å­˜åœ¨
[0mGET /js/bootstrap.min.js [32m200 [0m6.868 ms - 35452[0m
[0mGET /css/bootstrap.min.css [32m200 [0m10.254 ms - 117150[0m
[0mGET /js/jquery.min.js [32m200 [0m26.025 ms - 95931[0m
[0mGET /css/font-awesome.min.css [32m200 [0m12.792 ms - 23739[0m
[0mGET /ckeditor/ckeditor.js [32m200 [0m15.332 ms - 509563[0m
[0mGET /wikiList [32m200 [0m13.434 ms - 562[0m
/Users/yu/workspace_me/pagenote/public/fonts/glyphicons-halflings-regular.htmlæ–‡ä»¶ä¸å­˜åœ¨
[0mGET /fonts/glyphicons-halflings-regular.woff2 [32m200 [0m3.198 ms - 18028[0m
/Users/yu/workspace_me/pagenote/public/favicon.htmlæ–‡ä»¶ä¸å­˜åœ¨
[0mGET /favicon.ico [33m404 [0m657.455 ms - 1259[0m
[0mGET /tt.html [32m200 [0m4.651 ms - 8994[0m
/Users/yu/workspace_me/pagenote/public/js/jquery.min.htmlæ–‡ä»¶ä¸å­˜åœ¨
/Users/yu/workspace_me/pagenote/public/ckeditor/ckeditor.htmlæ–‡ä»¶ä¸å­˜åœ¨
[0mGET /js/jquery.min.js [36m304 [0m5.900 ms - -[0m
[0mGET /ckeditor/ckeditor.js [36m304 [0m4.834 ms - -[0m
/Users/yu/workspace_me/pagenote/public/js/bootstrap.min.htmlæ–‡ä»¶ä¸å­˜åœ¨
/Users/yu/workspace_me/pagenote/public/css/bootstrap.min.htmlæ–‡ä»¶ä¸å­˜åœ¨
/Users/yu/workspace_me/pagenote/public/css/font-awesome.min.htmlæ–‡ä»¶ä¸å­˜åœ¨
[0mGET /js/bootstrap.min.js [36m304 [0m2.387 ms - -[0m
[0mGET /css/bootstrap.min.css [36m304 [0m1.901 ms - -[0m
[0mGET /css/font-awesome.min.css [36m304 [0m1.338 ms - -[0m
[0mPOST /wikiAdd [32m200 [0m38.552 ms - -[0m
[0mGET /caseman/%E8%AF%B4%E6%98%8E.html [32m200 [0m1.274 ms - 9006[0m
/Users/yu/workspace_me/pagenote/public/js/jquery.min.htmlæ–‡ä»¶ä¸å­˜åœ¨
/Users/yu/workspace_me/pagenote/public/ckeditor/ckeditor.htmlæ–‡ä»¶ä¸å­˜åœ¨
/Users/yu/workspace_me/pagenote/public/js/bootstrap.min.htmlæ–‡ä»¶ä¸å­˜åœ¨
/Users/yu/workspace_me/pagenote/public/css/bootstrap.min.htmlæ–‡ä»¶ä¸å­˜åœ¨
/Users/yu/workspace_me/pagenote/public/css/font-awesome.min.htmlæ–‡ä»¶ä¸å­˜åœ¨
[0mGET /js/jquery.min.js [36m304 [0m2.716 ms - -[0m
[0mGET /ckeditor/ckeditor.js [36m304 [0m2.329 ms - -[0m
[0mGET /js/bootstrap.min.js [36m304 [0m2.140 ms - -[0m
[0mGET /css/bootstrap.min.css [36m304 [0m1.791 ms - -[0m
[0mGET /css/font-awesome.min.css [36m304 [0m1.351 ms - -[0m
[0mGET / [36m304 [0m0.720 ms - -[0m
/Users/yu/workspace_me/pagenote/public/js/jquery.min.htmlæ–‡ä»¶ä¸å­˜åœ¨
/Users/yu/workspace_me/pagenote/public/ckeditor/ckeditor.htmlæ–‡ä»¶ä¸å­˜åœ¨
[0mGET /js/jquery.min.js [36m304 [0m1.855 ms - -[0m
[0mGET /ckeditor/ckeditor.js [36m304 [0m4.619 ms - -[0m
/Users/yu/workspace_me/pagenote/public/js/bootstrap.min.htmlæ–‡ä»¶ä¸å­˜åœ¨
/Users/yu/workspace_me/pagenote/public/css/bootstrap.min.htmlæ–‡ä»¶ä¸å­˜åœ¨
/Users/yu/workspace_me/pagenote/public/css/font-awesome.min.htmlæ–‡ä»¶ä¸å­˜åœ¨
[0mGET /js/bootstrap.min.js [36m304 [0m3.006 ms - -[0m
[0mGET /css/bootstrap.min.css [36m304 [0m2.961 ms - -[0m
[0mGET /css/font-awesome.min.css [36m304 [0m2.115 ms - -[0m
[0mGET /wikiList [32m200 [0m2.715 ms - 601[0m
/Users/yu/workspace_me/pagenote/public/fonts/glyphicons-halflings-regular.htmlæ–‡ä»¶ä¸å­˜åœ¨
[0mGET /fonts/glyphicons-halflings-regular.woff2 [36m304 [0m0.461 ms - -[0m
[0mGET /caseman/%E8%AF%B4%E6%98%8E.html [36m304 [0m0.890 ms - -[0m
/Users/yu/workspace_me/pagenote/public/js/jquery.min.htmlæ–‡ä»¶ä¸å­˜åœ¨
/Users/yu/workspace_me/pagenote/public/ckeditor/ckeditor.htmlæ–‡ä»¶ä¸å­˜åœ¨
[0mGET /js/jquery.min.js [36m304 [0m2.108 ms - -[0m
[0mGET /ckeditor/ckeditor.js [36m304 [0m2.152 ms - -[0m
/Users/yu/workspace_me/pagenote/public/js/bootstrap.min.htmlæ–‡ä»¶ä¸å­˜åœ¨
/Users/yu/workspace_me/pagenote/public/css/bootstrap.min.htmlæ–‡ä»¶ä¸å­˜åœ¨
[0mGET /js/bootstrap.min.js [36m304 [0m3.046 ms - -[0m
[0mGET /css/bootstrap.min.css [36m304 [0m1.804 ms - -[0m
/Users/yu/workspace_me/pagenote/public/css/font-awesome.min.htmlæ–‡ä»¶ä¸å­˜åœ¨
[0mGET /css/font-awesome.min.css [36m304 [0m0.723 ms - -[0m
/Users/yu/workspace_me/pagenote/public/ckeditor/config.htmlæ–‡ä»¶ä¸å­˜åœ¨
[0mGET /ckeditor/config.js?t=E0LB [32m200 [0m3.861 ms - 1889[0m
/Users/yu/workspace_me/pagenote/public/ckeditor/skins/moono/editor.htmlæ–‡ä»¶ä¸å­˜åœ¨
/Users/yu/workspace_me/pagenote/public/ckeditor/lang/zh-cn.htmlæ–‡ä»¶ä¸å­˜åœ¨
[0mGET /ckeditor/lang/zh-cn.js?t=E0LB [32m200 [0m3.269 ms - 17544[0m
[0mGET /ckeditor/skins/moono/editor.css?t=E0LB [32m200 [0m5.915 ms - 46253[0m
/Users/yu/workspace_me/pagenote/public/ckeditor/styles.htmlæ–‡ä»¶ä¸å­˜åœ¨
[0mGET /ckeditor/styles.js?t=E0LB [32m200 [0m1.849 ms - 3484[0m
/Users/yu/workspace_me/pagenote/public/ckeditor/skins/moono/icons_hidpi.htmlæ–‡ä»¶ä¸å­˜åœ¨
[0mGET /ckeditor/skins/moono/icons_hidpi.png [32m200 [0m3.110 ms - 67753[0m
/Users/yu/workspace_me/pagenote/public/ckeditor/contents.htmlæ–‡ä»¶ä¸å­˜åœ¨
[0mGET /ckeditor/contents.css?t=E0LB [32m200 [0m3.238 ms - 1723[0m
/Users/yu/workspace_me/pagenote/public/ckeditor/contents.htmlæ–‡ä»¶ä¸å­˜åœ¨
[0mGET /ckeditor/contents.css?t=E0LB [36m304 [0m2.692 ms - -[0m
[0mPOST /wikiSave [32m200 [0m2.126 ms - 2[0m
[0mGET / [36m304 [0m0.502 ms - -[0m
/Users/yu/workspace_me/pagenote/public/js/jquery.min.htmlæ–‡ä»¶ä¸å­˜åœ¨
/Users/yu/workspace_me/pagenote/public/ckeditor/ckeditor.htmlæ–‡ä»¶ä¸å­˜åœ¨
[0mGET /js/jquery.min.js [36m304 [0m4.319 ms - -[0m
[0mGET /ckeditor/ckeditor.js [36m304 [0m1.996 ms - -[0m
/Users/yu/workspace_me/pagenote/public/js/bootstrap.min.htmlæ–‡ä»¶ä¸å­˜åœ¨
/Users/yu/workspace_me/pagenote/public/css/bootstrap.min.htmlæ–‡ä»¶ä¸å­˜åœ¨
/Users/yu/workspace_me/pagenote/public/css/font-awesome.min.htmlæ–‡ä»¶ä¸å­˜åœ¨
[0mGET /js/bootstrap.min.js [36m304 [0m3.956 ms - -[0m
[0mGET /css/bootstrap.min.css [36m304 [0m3.768 ms - -[0m
[0mGET /css/font-awesome.min.css [36m304 [0m3.096 ms - -[0m
[0mGET /wikiList [36m304 [0m14.000 ms - -[0m
/Users/yu/workspace_me/pagenote/public/fonts/glyphicons-halflings-regular.htmlæ–‡ä»¶ä¸å­˜åœ¨
[0mGET /fonts/glyphicons-halflings-regular.woff2 [36m304 [0m0.677 ms - -[0m
[0mGET /caseman/%E8%AF%B4%E6%98%8E.html [32m200 [0m6.764 ms - 9131[0m
/Users/yu/workspace_me/pagenote/public/js/jquery.min.htmlæ–‡ä»¶ä¸å­˜åœ¨
[0mGET /js/jquery.min.js [36m304 [0m1.315 ms - -[0m
/Users/yu/workspace_me/pagenote/public/ckeditor/ckeditor.htmlæ–‡ä»¶ä¸å­˜åœ¨
/Users/yu/workspace_me/pagenote/public/css/bootstrap.min.htmlæ–‡ä»¶ä¸å­˜åœ¨
[0mGET /ckeditor/ckeditor.js [36m304 [0m1.414 ms - -[0m
/Users/yu/workspace_me/pagenote/public/js/bootstrap.min.htmlæ–‡ä»¶ä¸å­˜åœ¨
/Users/yu/workspace_me/pagenote/public/css/font-awesome.min.htmlæ–‡ä»¶ä¸å­˜åœ¨
[0mGET /css/bootstrap.min.css [36m304 [0m5.085 ms - -[0m
[0mGET /js/bootstrap.min.js [36m304 [0m4.829 ms - -[0m
[0mGET /css/font-awesome.min.css [36m304 [0m3.383 ms - -[0m
/Users/yu/workspace_me/pagenote/public/ckeditor/config.htmlæ–‡ä»¶ä¸å­˜åœ¨
[0mGET /ckeditor/config.js?t=E0LB [36m304 [0m1.096 ms - -[0m
/Users/yu/workspace_me/pagenote/public/ckeditor/skins/moono/editor.htmlæ–‡ä»¶ä¸å­˜åœ¨
/Users/yu/workspace_me/pagenote/public/ckeditor/lang/zh-cn.htmlæ–‡ä»¶ä¸å­˜åœ¨
[0mGET /ckeditor/skins/moono/editor.css?t=E0LB [36m304 [0m3.781 ms - -[0m
[0mGET /ckeditor/lang/zh-cn.js?t=E0LB [36m304 [0m2.173 ms - -[0m
/Users/yu/workspace_me/pagenote/public/ckeditor/styles.htmlæ–‡ä»¶ä¸å­˜åœ¨
[0mGET /ckeditor/styles.js?t=E0LB [36m304 [0m0.463 ms - -[0m
/Users/yu/workspace_me/pagenote/public/ckeditor/contents.htmlæ–‡ä»¶ä¸å­˜åœ¨
[0mGET /ckeditor/contents.css?t=E0LB [36m304 [0m1.687 ms - -[0m
/Users/yu/workspace_me/pagenote/public/ckeditor/plugins/magicline/images/hidpi/icon.htmlæ–‡ä»¶ä¸å­˜åœ¨
[0mGET /ckeditor/plugins/magicline/images/hidpi/icon.png [32m200 [0m3.913 ms - 260[0m
[0mPOST /wikiSave [32m200 [0m0.621 ms - 2[0m
/Users/yu/workspace_me/pagenote/public/ckeditor/contents.htmlæ–‡ä»¶ä¸å­˜åœ¨
[0mGET /ckeditor/contents.css?t=E0LB [36m304 [0m1.061 ms - -[0m
/Users/yu/workspace_me/pagenote/public/ckeditor/plugins/magicline/images/hidpi/icon.htmlæ–‡ä»¶ä¸å­˜åœ¨
[0mGET /ckeditor/plugins/magicline/images/hidpi/icon.png [36m304 [0m2.187 ms - -[0m
[0mPOST /wikiSave [32m200 [0m0.525 ms - 2[0m
/Users/yu/workspace_me/pagenote/public/ckeditor/contents.htmlæ–‡ä»¶ä¸å­˜åœ¨
[0mGET /ckeditor/contents.css?t=E0LB [36m304 [0m3.873 ms - -[0m
/Users/yu/workspace_me/pagenote/public/ckeditor/plugins/magicline/images/hidpi/icon.htmlæ–‡ä»¶ä¸å­˜åœ¨
[0mGET /ckeditor/plugins/magicline/images/hidpi/icon.png [36m304 [0m2.677 ms - -[0m
[0mPOST /wikiSave [32m200 [0m1.505 ms - 2[0m
/Users/yu/workspace_me/pagenote/public/css/bootstrap.min.htmlæ–‡ä»¶ä¸å­˜åœ¨
[0mGET /css/bootstrap.min.css [36m304 [0m2.673 ms - -[0m
/Users/yu/workspace_me/pagenote/public/css/font-awesome.min.htmlæ–‡ä»¶ä¸å­˜åœ¨
/Users/yu/workspace_me/pagenote/public/ckeditor/skins/moono/editor.htmlæ–‡ä»¶ä¸å­˜åœ¨
[0mGET /css/font-awesome.min.css [36m304 [0m4.600 ms - -[0m
[0mGET /ckeditor/skins/moono/editor.css?t=E0LB [36m304 [0m4.559 ms - -[0m
[0mGET /caseman/%E8%AF%B4%E6%98%8E.html [32m200 [0m19.188 ms - 9200[0m
/Users/yu/workspace_me/pagenote/public/js/jquery.min.htmlæ–‡ä»¶ä¸å­˜åœ¨
/Users/yu/workspace_me/pagenote/public/ckeditor/ckeditor.htmlæ–‡ä»¶ä¸å­˜åœ¨
[0mGET /js/jquery.min.js [36m304 [0m6.027 ms - -[0m
/Users/yu/workspace_me/pagenote/public/js/bootstrap.min.htmlæ–‡ä»¶ä¸å­˜åœ¨
/Users/yu/workspace_me/pagenote/public/css/bootstrap.min.htmlæ–‡ä»¶ä¸å­˜åœ¨
[0mGET /ckeditor/ckeditor.js [36m304 [0m6.149 ms - -[0m
[0mGET /js/bootstrap.min.js [36m304 [0m7.475 ms - -[0m
[0mGET /css/bootstrap.min.css [36m304 [0m14.637 ms - -[0m
/Users/yu/workspace_me/pagenote/public/css/font-awesome.min.htmlæ–‡ä»¶ä¸å­˜åœ¨
[0mGET /css/font-awesome.min.css [36m304 [0m2.747 ms - -[0m
/Users/yu/workspace_me/pagenote/public/favicon.htmlæ–‡ä»¶ä¸å­˜åœ¨
[0mGET /favicon.ico [33m404 [0m170.132 ms - 1259[0m
[0mGET / [36m304 [0m7.870 ms - -[0m
/Users/yu/workspace_me/pagenote/public/ckeditor/ckeditor.htmlæ–‡ä»¶ä¸å­˜åœ¨
[0mGET /ckeditor/ckeditor.js [36m304 [0m7.174 ms - -[0m
/Users/yu/workspace_me/pagenote/public/js/jquery.min.htmlæ–‡ä»¶ä¸å­˜åœ¨
/Users/yu/workspace_me/pagenote/public/js/bootstrap.min.htmlæ–‡ä»¶ä¸å­˜åœ¨
/Users/yu/workspace_me/pagenote/public/css/bootstrap.min.htmlæ–‡ä»¶ä¸å­˜åœ¨
/Users/yu/workspace_me/pagenote/public/css/font-awesome.min.htmlæ–‡ä»¶ä¸å­˜åœ¨
[0mGET /js/jquery.min.js [36m304 [0m8.512 ms - -[0m
[0mGET /js/bootstrap.min.js [36m304 [0m7.166 ms - -[0m
[0mGET /css/bootstrap.min.css [36m304 [0m5.829 ms - -[0m
[0mGET /css/font-awesome.min.css [36m304 [0m4.145 ms - -[0m
[0mGET /wikiList [36m304 [0m14.934 ms - -[0m
/Users/yu/workspace_me/pagenote/public/fonts/glyphicons-halflings-regular.htmlæ–‡ä»¶ä¸å­˜åœ¨
[0mGET /fonts/glyphicons-halflings-regular.woff2 [36m304 [0m0.687 ms - -[0m
[0mGET /sss.html [32m200 [0m4.298 ms - 8995[0m
/Users/yu/workspace_me/pagenote/public/js/jquery.min.htmlæ–‡ä»¶ä¸å­˜åœ¨
[0mGET /js/jquery.min.js [36m304 [0m0.866 ms - -[0m
/Users/yu/workspace_me/pagenote/public/ckeditor/ckeditor.htmlæ–‡ä»¶ä¸å­˜åœ¨
/Users/yu/workspace_me/pagenote/public/js/bootstrap.min.htmlæ–‡ä»¶ä¸å­˜åœ¨
/Users/yu/workspace_me/pagenote/public/css/bootstrap.min.htmlæ–‡ä»¶ä¸å­˜åœ¨
/Users/yu/workspace_me/pagenote/public/css/font-awesome.min.htmlæ–‡ä»¶ä¸å­˜åœ¨
[0mGET /ckeditor/ckeditor.js [36m304 [0m2.963 ms - -[0m
[0mGET /js/bootstrap.min.js [36m304 [0m3.517 ms - -[0m
[0mGET /css/bootstrap.min.css [36m304 [0m3.321 ms - -[0m
[0mGET /css/font-awesome.min.css [36m304 [0m3.002 ms - -[0m
/Users/yu/workspace_me/pagenote/public/ckeditor/config.htmlæ–‡ä»¶ä¸å­˜åœ¨
[0mGET /ckeditor/config.js?t=E0LB [36m304 [0m0.725 ms - -[0m
/Users/yu/workspace_me/pagenote/public/ckeditor/skins/moono/editor.htmlæ–‡ä»¶ä¸å­˜åœ¨
/Users/yu/workspace_me/pagenote/public/ckeditor/lang/zh-cn.htmlæ–‡ä»¶ä¸å­˜åœ¨
[0mGET /ckeditor/skins/moono/editor.css?t=E0LB [36m304 [0m4.201 ms - -[0m
[0mGET /ckeditor/lang/zh-cn.js?t=E0LB [36m304 [0m3.266 ms - -[0m
/Users/yu/workspace_me/pagenote/public/ckeditor/styles.htmlæ–‡ä»¶ä¸å­˜åœ¨
[0mGET /ckeditor/styles.js?t=E0LB [36m304 [0m0.475 ms - -[0m
/Users/yu/workspace_me/pagenote/public/ckeditor/skins/moono/icons_hidpi.htmlæ–‡ä»¶ä¸å­˜åœ¨
[0mGET /ckeditor/skins/moono/icons_hidpi.png [32m200 [0m4.763 ms - 67753[0m
/Users/yu/workspace_me/pagenote/public/ckeditor/contents.htmlæ–‡ä»¶ä¸å­˜åœ¨
[0mGET /ckeditor/contents.css?t=E0LB [36m304 [0m0.730 ms - -[0m
/Users/yu/workspace_me/pagenote/public/ckeditor/contents.htmlæ–‡ä»¶ä¸å­˜åœ¨
[0mGET /ckeditor/contents.css?t=E0LB [36m304 [0m2.092 ms - -[0m
/Users/yu/workspace_me/pagenote/public/ckeditor/contents.htmlæ–‡ä»¶ä¸å­˜åœ¨
[0mGET /ckeditor/contents.css?t=E0LB [36m304 [0m1.591 ms - -[0m
[0mPOST /wikiSave [32m200 [0m57.787 ms - 2[0m
[0mGET / [36m304 [0m1.174 ms - -[0m
/Users/yu/workspace_me/pagenote/public/js/jquery.min.htmlæ–‡ä»¶ä¸å­˜åœ¨
/Users/yu/workspace_me/pagenote/public/ckeditor/ckeditor.htmlæ–‡ä»¶ä¸å­˜åœ¨
/Users/yu/workspace_me/pagenote/public/js/bootstrap.min.htmlæ–‡ä»¶ä¸å­˜åœ¨
/Users/yu/workspace_me/pagenote/public/css/bootstrap.min.htmlæ–‡ä»¶ä¸å­˜åœ¨
/Users/yu/workspace_me/pagenote/public/css/font-awesome.min.htmlæ–‡ä»¶ä¸å­˜åœ¨
[0mGET /js/jquery.min.js [36m304 [0m3.995 ms - -[0m
[0mGET /ckeditor/ckeditor.js [36m304 [0m3.612 ms - -[0m
[0mGET /js/bootstrap.min.js [36m304 [0m3.303 ms - -[0m
[0mGET /css/bootstrap.min.css [36m304 [0m3.559 ms - -[0m
[0mGET /css/font-awesome.min.css [36m304 [0m3.255 ms - -[0m
[0mGET /wikiList [36m304 [0m1.971 ms - -[0m
/Users/yu/workspace_me/pagenote/public/fonts/glyphicons-halflings-regular.htmlæ–‡ä»¶ä¸å­˜åœ¨
[0mGET /fonts/glyphicons-halflings-regular.woff2 [36m304 [0m1.372 ms - -[0m
/Users/yu/workspace_me/pagenote/public/css/bootstrap.min.htmlæ–‡ä»¶ä¸å­˜åœ¨
/Users/yu/workspace_me/pagenote/public/css/font-awesome.min.htmlæ–‡ä»¶ä¸å­˜åœ¨
[0mGET /css/bootstrap.min.css [36m304 [0m1.975 ms - -[0m
[0mGET /css/font-awesome.min.css [36m304 [0m2.065 ms - -[0m
/Users/yu/workspace_me/pagenote/public/TECH/Employees/EmployeeMaint.htmlæ–‡ä»¶ä¸å­˜åœ¨
[0mGET /TECH/Employees/EmployeeMaint.txt [32m200 [0m6.492 ms - -[0m
[0mGET / [32m200 [0m1.676 ms - 11317[0m
/Users/yu/workspace_me/pagenote/public/js/jquery.min.htmlæ–‡ä»¶ä¸å­˜åœ¨
/Users/yu/workspace_me/pagenote/public/ckeditor/ckeditor.htmlæ–‡ä»¶ä¸å­˜åœ¨
/Users/yu/workspace_me/pagenote/public/js/bootstrap.min.htmlæ–‡ä»¶ä¸å­˜åœ¨
/Users/yu/workspace_me/pagenote/public/css/bootstrap.min.htmlæ–‡ä»¶ä¸å­˜åœ¨
/Users/yu/workspace_me/pagenote/public/css/font-awesome.min.htmlæ–‡ä»¶ä¸å­˜åœ¨
[0mGET /js/bootstrap.min.js [32m200 [0m9.091 ms - 35452[0m
[0mGET /js/jquery.min.js [32m200 [0m12.176 ms - 95931[0m
[0mGET /css/bootstrap.min.css [32m200 [0m9.576 ms - 117150[0m
[0mGET /css/font-awesome.min.css [32m200 [0m11.230 ms - 23739[0m
[0mGET /ckeditor/ckeditor.js [32m200 [0m6.287 ms - 509563[0m
[0mGET /wikiList [32m200 [0m8.017 ms - 601[0m
/Users/yu/workspace_me/pagenote/public/fonts/glyphicons-halflings-regular.htmlæ–‡ä»¶ä¸å­˜åœ¨
[0mGET /fonts/glyphicons-halflings-regular.woff2 [32m200 [0m1.882 ms - 18028[0m
[0mGET /qk.html [32m200 [0m2.812 ms - 8994[0m
/Users/yu/workspace_me/pagenote/public/js/jquery.min.htmlæ–‡ä»¶ä¸å­˜åœ¨
/Users/yu/workspace_me/pagenote/public/ckeditor/ckeditor.htmlæ–‡ä»¶ä¸å­˜åœ¨
[0mGET /js/jquery.min.js [32m200 [0m0.811 ms - 95931[0m
/Users/yu/workspace_me/pagenote/public/js/bootstrap.min.htmlæ–‡ä»¶ä¸å­˜åœ¨
/Users/yu/workspace_me/pagenote/public/css/bootstrap.min.htmlæ–‡ä»¶ä¸å­˜åœ¨
/Users/yu/workspace_me/pagenote/public/css/font-awesome.min.htmlæ–‡ä»¶ä¸å­˜åœ¨
[0mGET /js/bootstrap.min.js [32m200 [0m8.711 ms - 35452[0m
[0mGET /css/font-awesome.min.css [32m200 [0m5.042 ms - 23739[0m
[0mGET /ckeditor/ckeditor.js [32m200 [0m1.269 ms - 509563[0m
[0mGET /css/bootstrap.min.css [32m200 [0m8.390 ms - 117150[0m
[0mGET / [32m200 [0m1.394 ms - 11317[0m
/Users/yu/workspace_me/pagenote/public/js/jquery.min.htmlæ–‡ä»¶ä¸å­˜åœ¨
/Users/yu/workspace_me/pagenote/public/ckeditor/ckeditor.htmlæ–‡ä»¶ä¸å­˜åœ¨
/Users/yu/workspace_me/pagenote/public/js/bootstrap.min.htmlæ–‡ä»¶ä¸å­˜åœ¨
/Users/yu/workspace_me/pagenote/public/css/bootstrap.min.htmlæ–‡ä»¶ä¸å­˜åœ¨
/Users/yu/workspace_me/pagenote/public/css/font-awesome.min.htmlæ–‡ä»¶ä¸å­˜åœ¨
[0mGET /js/bootstrap.min.js [32m200 [0m5.614 ms - 35452[0m
[0mGET /js/jquery.min.js [32m200 [0m11.346 ms - 95931[0m
[0mGET /css/font-awesome.min.css [32m200 [0m4.485 ms - 23739[0m
[0mGET /css/bootstrap.min.css [32m200 [0m5.319 ms - 117150[0m
[0mGET /ckeditor/ckeditor.js [32m200 [0m7.018 ms - 509563[0m
[0mGET /wikiList [32m200 [0m1.795 ms - 601[0m
/Users/yu/workspace_me/pagenote/public/fonts/glyphicons-halflings-regular.htmlæ–‡ä»¶ä¸å­˜åœ¨
[0mGET /fonts/glyphicons-halflings-regular.woff2 [32m200 [0m1.043 ms - 18028[0m
[0mGET /this2.html [32m200 [0m2.381 ms - 8997[0m
/Users/yu/workspace_me/pagenote/public/js/jquery.min.htmlæ–‡ä»¶ä¸å­˜åœ¨
/Users/yu/workspace_me/pagenote/public/ckeditor/ckeditor.htmlæ–‡ä»¶ä¸å­˜åœ¨
/Users/yu/workspace_me/pagenote/public/js/bootstrap.min.htmlæ–‡ä»¶ä¸å­˜åœ¨
/Users/yu/workspace_me/pagenote/public/css/bootstrap.min.htmlæ–‡ä»¶ä¸å­˜åœ¨
/Users/yu/workspace_me/pagenote/public/css/font-awesome.min.htmlæ–‡ä»¶ä¸å­˜åœ¨
[0mGET /js/bootstrap.min.js [32m200 [0m6.684 ms - 35452[0m
[0mGET /js/jquery.min.js [32m200 [0m6.852 ms - 95931[0m
[0mGET /css/font-awesome.min.css [32m200 [0m8.964 ms - 23739[0m
[0mGET /css/bootstrap.min.css [32m200 [0m6.289 ms - 117150[0m
[0mGET /ckeditor/ckeditor.js [32m200 [0m6.572 ms - 509563[0m
[0mGET /this2.html [32m200 [0m8.033 ms - 8997[0m
/Users/yu/workspace_me/pagenote/public/js/jquery.min.htmlæ–‡ä»¶ä¸å­˜åœ¨
/Users/yu/workspace_me/pagenote/public/ckeditor/ckeditor.htmlæ–‡ä»¶ä¸å­˜åœ¨
/Users/yu/workspace_me/pagenote/public/js/bootstrap.min.htmlæ–‡ä»¶ä¸å­˜åœ¨
/Users/yu/workspace_me/pagenote/public/css/bootstrap.min.htmlæ–‡ä»¶ä¸å­˜åœ¨
/Users/yu/workspace_me/pagenote/public/css/font-awesome.min.htmlæ–‡ä»¶ä¸å­˜åœ¨
[0mGET /js/bootstrap.min.js [32m200 [0m6.979 ms - 35452[0m
[0mGET /css/font-awesome.min.css [32m200 [0m5.440 ms - 23739[0m
[0mGET /css/bootstrap.min.css [32m200 [0m5.917 ms - 117150[0m
[0mGET /js/jquery.min.js [32m200 [0m14.542 ms - 95931[0m
[0mGET /ckeditor/ckeditor.js [32m200 [0m7.904 ms - 509563[0m
[0mGET /this2.html [32m200 [0m2.576 ms - 8997[0m
/Users/yu/workspace_me/pagenote/public/js/jquery.min.htmlæ–‡ä»¶ä¸å­˜åœ¨
/Users/yu/workspace_me/pagenote/public/ckeditor/ckeditor.htmlæ–‡ä»¶ä¸å­˜åœ¨
/Users/yu/workspace_me/pagenote/public/js/bootstrap.min.htmlæ–‡ä»¶ä¸å­˜åœ¨
/Users/yu/workspace_me/pagenote/public/css/bootstrap.min.htmlæ–‡ä»¶ä¸å­˜åœ¨
/Users/yu/workspace_me/pagenote/public/css/font-awesome.min.htmlæ–‡ä»¶ä¸å­˜åœ¨
[0mGET /js/bootstrap.min.js [32m200 [0m3.318 ms - 35452[0m
[0mGET /js/jquery.min.js [32m200 [0m3.800 ms - 95931[0m
[0mGET /css/bootstrap.min.css [32m200 [0m3.685 ms - 117150[0m
[0mGET /css/font-awesome.min.css [32m200 [0m8.858 ms - 23739[0m
[0mGET /ckeditor/ckeditor.js [32m200 [0m4.382 ms - 509563[0m
[0mGET / [32m200 [0m1.671 ms - 11317[0m
/Users/yu/workspace_me/pagenote/public/js/jquery.min.htmlæ–‡ä»¶ä¸å­˜åœ¨
/Users/yu/workspace_me/pagenote/public/ckeditor/ckeditor.htmlæ–‡ä»¶ä¸å­˜åœ¨
[0mGET /js/jquery.min.js [32m200 [0m1.465 ms - 95931[0m
[0mGET /ckeditor/ckeditor.js [32m200 [0m1.039 ms - 509563[0m
/Users/yu/workspace_me/pagenote/public/js/bootstrap.min.htmlæ–‡ä»¶ä¸å­˜åœ¨
/Users/yu/workspace_me/pagenote/public/css/bootstrap.min.htmlæ–‡ä»¶ä¸å­˜åœ¨
/Users/yu/workspace_me/pagenote/public/css/font-awesome.min.htmlæ–‡ä»¶ä¸å­˜åœ¨
[0mGET /css/font-awesome.min.css [32m200 [0m1.427 ms - 23739[0m
[0mGET /js/bootstrap.min.js [32m200 [0m5.417 ms - 35452[0m
[0mGET /css/bootstrap.min.css [32m200 [0m2.456 ms - 117150[0m
[0mGET /wikiList [32m200 [0m13.793 ms - 601[0m
/Users/yu/workspace_me/pagenote/public/fonts/glyphicons-halflings-regular.htmlæ–‡ä»¶ä¸å­˜åœ¨
[0mGET /fonts/glyphicons-halflings-regular.woff2 [32m200 [0m2.672 ms - 18028[0m
[0mGET / [36m304 [0m5.850 ms - -[0m
/Users/yu/workspace_me/pagenote/public/js/jquery.min.htmlæ–‡ä»¶ä¸å­˜åœ¨
/Users/yu/workspace_me/pagenote/public/ckeditor/ckeditor.htmlæ–‡ä»¶ä¸å­˜åœ¨
/Users/yu/workspace_me/pagenote/public/js/bootstrap.min.htmlæ–‡ä»¶ä¸å­˜åœ¨
/Users/yu/workspace_me/pagenote/public/css/bootstrap.min.htmlæ–‡ä»¶ä¸å­˜åœ¨
/Users/yu/workspace_me/pagenote/public/css/font-awesome.min.htmlæ–‡ä»¶ä¸å­˜åœ¨
[0mGET /js/jquery.min.js [36m304 [0m10.765 ms - -[0m
[0mGET /ckeditor/ckeditor.js [36m304 [0m8.655 ms - -[0m
[0mGET /js/bootstrap.min.js [36m304 [0m5.915 ms - -[0m
[0mGET /css/bootstrap.min.css [36m304 [0m6.771 ms - -[0m
[0mGET /css/font-awesome.min.css [36m304 [0m4.614 ms - -[0m
[0mGET /wikiList [36m304 [0m17.401 ms - -[0m
/Users/yu/workspace_me/pagenote/public/fonts/glyphicons-halflings-regular.htmlæ–‡ä»¶ä¸å­˜åœ¨
[0mGET /fonts/glyphicons-halflings-regular.woff2 [36m304 [0m1.056 ms - -[0m
[0mGET / [36m304 [0m0.764 ms - -[0m
/Users/yu/workspace_me/pagenote/public/js/jquery.min.htmlæ–‡ä»¶ä¸å­˜åœ¨
/Users/yu/workspace_me/pagenote/public/ckeditor/ckeditor.htmlæ–‡ä»¶ä¸å­˜åœ¨
/Users/yu/workspace_me/pagenote/public/js/bootstrap.min.htmlæ–‡ä»¶ä¸å­˜åœ¨
/Users/yu/workspace_me/pagenote/public/css/bootstrap.min.htmlæ–‡ä»¶ä¸å­˜åœ¨
/Users/yu/workspace_me/pagenote/public/css/font-awesome.min.htmlæ–‡ä»¶ä¸å­˜åœ¨
[0mGET /js/jquery.min.js [36m304 [0m6.799 ms - -[0m
[0mGET /ckeditor/ckeditor.js [36m304 [0m2.310 ms - -[0m
[0mGET /js/bootstrap.min.js [36m304 [0m1.774 ms - -[0m
[0mGET /css/bootstrap.min.css [36m304 [0m1.453 ms - -[0m
[0mGET /css/font-awesome.min.css [36m304 [0m1.412 ms - -[0m
[0mGET /wikiList [36m304 [0m1.315 ms - -[0m
/Users/yu/workspace_me/pagenote/public/fonts/glyphicons-halflings-regular.htmlæ–‡ä»¶ä¸å­˜åœ¨
[0mGET /fonts/glyphicons-halflings-regular.woff2 [36m304 [0m0.545 ms - -[0m
[0mGET /index.html [32m200 [0m4.076 ms - 20302[0m
/Users/yu/workspace_me/pagenote/public/js/jquery.min.htmlæ–‡ä»¶ä¸å­˜åœ¨
/Users/yu/workspace_me/pagenote/public/ckeditor/ckeditor.htmlæ–‡ä»¶ä¸å­˜åœ¨
/Users/yu/workspace_me/pagenote/public/js/bootstrap.min.htmlæ–‡ä»¶ä¸å­˜åœ¨
/Users/yu/workspace_me/pagenote/public/css/bootstrap.min.htmlæ–‡ä»¶ä¸å­˜åœ¨
/Users/yu/workspace_me/pagenote/public/css/font-awesome.min.htmlæ–‡ä»¶ä¸å­˜åœ¨
[0mGET /js/jquery.min.js [36m304 [0m5.925 ms - -[0m
[0mGET /ckeditor/ckeditor.js [36m304 [0m3.078 ms - -[0m
[0mGET /js/bootstrap.min.js [36m304 [0m2.633 ms - -[0m
[0mGET /css/bootstrap.min.css [36m304 [0m1.750 ms - -[0m
[0mGET /css/font-awesome.min.css [36m304 [0m1.396 ms - -[0m
[0mGET /wikiList [36m304 [0m0.947 ms - -[0m
/Users/yu/workspace_me/pagenote/public/fonts/glyphicons-halflings-regular.htmlæ–‡ä»¶ä¸å­˜åœ¨
[0mGET /fonts/glyphicons-halflings-regular.woff2 [36m304 [0m0.528 ms - -[0m
[0mGET /this2.html [36m304 [0m1.980 ms - -[0m
/Users/yu/workspace_me/pagenote/public/js/jquery.min.htmlæ–‡ä»¶ä¸å­˜åœ¨
[0mGET /js/jquery.min.js [36m304 [0m0.745 ms - -[0m
/Users/yu/workspace_me/pagenote/public/ckeditor/ckeditor.htmlæ–‡ä»¶ä¸å­˜åœ¨
/Users/yu/workspace_me/pagenote/public/js/bootstrap.min.htmlæ–‡ä»¶ä¸å­˜åœ¨
/Users/yu/workspace_me/pagenote/public/css/bootstrap.min.htmlæ–‡ä»¶ä¸å­˜åœ¨
/Users/yu/workspace_me/pagenote/public/css/font-awesome.min.htmlæ–‡ä»¶ä¸å­˜åœ¨
[0mGET /ckeditor/ckeditor.js [36m304 [0m1.617 ms - -[0m
[0mGET /js/bootstrap.min.js [36m304 [0m1.974 ms - -[0m
[0mGET /css/bootstrap.min.css [36m304 [0m1.925 ms - -[0m
[0mGET /css/font-awesome.min.css [36m304 [0m2.003 ms - -[0m
[0mPOST /wikiAdd [32m200 [0m10.863 ms - -[0m
[0mGET /%E4%B8%80%E5%91%A8%E5%B7%A5%E4%BD%9C/8%E6%9C%88%E7%AC%AC%E4%BA%8C%E5%91%A8.html [32m200 [0m1.904 ms - 9018[0m
/Users/yu/workspace_me/pagenote/public/js/jquery.min.htmlæ–‡ä»¶ä¸å­˜åœ¨
/Users/yu/workspace_me/pagenote/public/ckeditor/ckeditor.htmlæ–‡ä»¶ä¸å­˜åœ¨
/Users/yu/workspace_me/pagenote/public/js/bootstrap.min.htmlæ–‡ä»¶ä¸å­˜åœ¨
/Users/yu/workspace_me/pagenote/public/css/bootstrap.min.htmlæ–‡ä»¶ä¸å­˜åœ¨
/Users/yu/workspace_me/pagenote/public/css/font-awesome.min.htmlæ–‡ä»¶ä¸å­˜åœ¨
[0mGET /js/jquery.min.js [36m304 [0m4.899 ms - -[0m
[0mGET /ckeditor/ckeditor.js [36m304 [0m4.449 ms - -[0m
[0mGET /js/bootstrap.min.js [36m304 [0m3.401 ms - -[0m
[0mGET /css/bootstrap.min.css [36m304 [0m2.741 ms - -[0m
[0mGET /css/font-awesome.min.css [36m304 [0m1.450 ms - -[0m
/Users/yu/workspace_me/pagenote/public/ckeditor/config.htmlæ–‡ä»¶ä¸å­˜åœ¨
[0mGET /ckeditor/config.js?t=E0LB [36m304 [0m2.392 ms - -[0m
/Users/yu/workspace_me/pagenote/public/ckeditor/skins/moono/editor.htmlæ–‡ä»¶ä¸å­˜åœ¨
/Users/yu/workspace_me/pagenote/public/ckeditor/lang/zh-cn.htmlæ–‡ä»¶ä¸å­˜åœ¨
[0mGET /ckeditor/skins/moono/editor.css?t=E0LB [36m304 [0m3.710 ms - -[0m
[0mGET /ckeditor/lang/zh-cn.js?t=E0LB [36m304 [0m2.112 ms - -[0m
/Users/yu/workspace_me/pagenote/public/ckeditor/styles.htmlæ–‡ä»¶ä¸å­˜åœ¨
[0mGET /ckeditor/styles.js?t=E0LB [36m304 [0m0.680 ms - -[0m
/Users/yu/workspace_me/pagenote/public/ckeditor/skins/moono/icons_hidpi.htmlæ–‡ä»¶ä¸å­˜åœ¨
[0mGET /ckeditor/skins/moono/icons_hidpi.png [36m304 [0m1.886 ms - -[0m
/Users/yu/workspace_me/pagenote/public/ckeditor/contents.htmlæ–‡ä»¶ä¸å­˜åœ¨
[0mGET /ckeditor/contents.css?t=E0LB [36m304 [0m0.815 ms - -[0m
[0mPOST /wikiSave [32m200 [0m1.216 ms - 2[0m
/Users/yu/workspace_me/pagenote/public/ckeditor/contents.htmlæ–‡ä»¶ä¸å­˜åœ¨
[0mGET /ckeditor/contents.css?t=E0LB [36m304 [0m3.233 ms - -[0m
/Users/yu/workspace_me/pagenote/public/ckeditor/plugins/magicline/images/hidpi/icon.htmlæ–‡ä»¶ä¸å­˜åœ¨
[0mGET /ckeditor/plugins/magicline/images/hidpi/icon.png [36m304 [0m2.713 ms - -[0m
[0mPOST /wikiSave [32m200 [0m0.673 ms - 2[0m
